# JRE version: Java(TM) SE Runtime Environment 18.9 (11.0.10+8) (build 11.0.10+8-LTS-162)
# Java VM: Java HotSpot(TM) 64-Bit Server VM 18.9 (11.0.10+8-LTS-162, mixed mode, tiered, compressed oops, parallel gc, windows-amd64)
Heap:
 PSYoungGen      total 24064K, used 0K [0x00000000eab00000, 0x00000000ec980000, 0x0000000100000000)
  eden space 22528K, 0% used [0x00000000eab00000,0x00000000eab00000,0x00000000ec100000)
  from space 1536K, 0% used [0x00000000ec380000,0x00000000ec380000,0x00000000ec500000)
  to   space 3072K, 0% used [0x00000000ec680000,0x00000000ec680000,0x00000000ec980000)
 ParOldGen       total 68608K, used 21053K [0x00000000c0000000, 0x00000000c4300000, 0x00000000eab00000)
  object space 68608K, 30% used [0x00000000c0000000,0x00000000c148f5a0,0x00000000c4300000)
 Metaspace       used 33254K, capacity 35049K, committed 35672K, reserved 1081344K
  class space    used 3114K, capacity 3759K, committed 3968K, reserved 1048576K
GC Heap History (10 events):
Event: 4.381 GC heap before
{Heap before GC invocations=9 (full 1):
 PSYoungGen      total 30720K, used 30717K [0x00000000eab00000, 0x00000000ed480000, 0x0000000100000000)
  eden space 24064K, 100% used [0x00000000eab00000,0x00000000ec280000,0x00000000ec280000)
  from space 6656K, 99% used [0x00000000ec380000,0x00000000ec9ff4c8,0x00000000eca00000)
  to   space 9216K, 0% used [0x00000000ecb80000,0x00000000ecb80000,0x00000000ed480000)
 ParOldGen       total 68608K, used 10700K [0x00000000c0000000, 0x00000000c4300000, 0x00000000eab00000)
  object space 68608K, 15% used [0x00000000c0000000,0x00000000c0a730b8,0x00000000c4300000)
 Metaspace       used 31220K, capacity 33036K, committed 33152K, reserved 1079296K
  class space    used 2999K, capacity 3658K, committed 3712K, reserved 1048576K
}
Event: 4.386 GC heap after
{Heap after GC invocations=9 (full 1):
 PSYoungGen      total 30208K, used 6515K [0x00000000eab00000, 0x00000000ed200000, 0x0000000100000000)
  eden space 23552K, 0% used [0x00000000eab00000,0x00000000eab00000,0x00000000ec200000)
  from space 6656K, 97% used [0x00000000ecb80000,0x00000000ed1dcea8,0x00000000ed200000)
  to   space 7680K, 0% used [0x00000000ec300000,0x00000000ec300000,0x00000000eca80000)
 ParOldGen       total 68608K, used 13175K [0x00000000c0000000, 0x00000000c4300000, 0x00000000eab00000)
  object space 68608K, 19% used [0x00000000c0000000,0x00000000c0cddf60,0x00000000c4300000)
 Metaspace       used 31220K, capacity 33036K, committed 33152K, reserved 1079296K
  class space    used 2999K, capacity 3658K, committed 3712K, reserved 1048576K
}
Event: 4.404 GC heap before
{Heap before GC invocations=10 (full 1):
 PSYoungGen      total 30208K, used 30067K [0x00000000eab00000, 0x00000000ed200000, 0x0000000100000000)
  eden space 23552K, 100% used [0x00000000eab00000,0x00000000ec200000,0x00000000ec200000)
  from space 6656K, 97% used [0x00000000ecb80000,0x00000000ed1dcea8,0x00000000ed200000)
  to   space 7680K, 0% used [0x00000000ec300000,0x00000000ec300000,0x00000000eca80000)
 ParOldGen       total 68608K, used 13175K [0x00000000c0000000, 0x00000000c4300000, 0x00000000eab00000)
  object space 68608K, 19% used [0x00000000c0000000,0x00000000c0cddf60,0x00000000c4300000)
 Metaspace       used 31220K, capacity 33036K, committed 33152K, reserved 1079296K
  class space    used 2999K, capacity 3658K, committed 3712K, reserved 1048576K
}
Event: 4.409 GC heap after
{Heap after GC invocations=10 (full 1):
 PSYoungGen      total 29184K, used 5824K [0x00000000eab00000, 0x00000000ece80000, 0x0000000100000000)
  eden space 23040K, 0% used [0x00000000eab00000,0x00000000eab00000,0x00000000ec180000)
  from space 6144K, 94% used [0x00000000ec300000,0x00000000ec8b0010,0x00000000ec900000)
  to   space 5632K, 0% used [0x00000000ec900000,0x00000000ec900000,0x00000000ece80000)
 ParOldGen       total 68608K, used 15987K [0x00000000c0000000, 0x00000000c4300000, 0x00000000eab00000)
  object space 68608K, 23% used [0x00000000c0000000,0x00000000c0f9cdf8,0x00000000c4300000)
 Metaspace       used 31220K, capacity 33036K, committed 33152K, reserved 1079296K
  class space    used 2999K, capacity 3658K, committed 3712K, reserved 1048576K
}
Event: 12437.647 GC heap before
{Heap before GC invocations=11 (full 1):
 PSYoungGen      total 29184K, used 28864K [0x00000000eab00000, 0x00000000ece80000, 0x0000000100000000)
  eden space 23040K, 100% used [0x00000000eab00000,0x00000000ec180000,0x00000000ec180000)
  from space 6144K, 94% used [0x00000000ec300000,0x00000000ec8b0010,0x00000000ec900000)
  to   space 5632K, 0% used [0x00000000ec900000,0x00000000ec900000,0x00000000ece80000)
 ParOldGen       total 68608K, used 15987K [0x00000000c0000000, 0x00000000c4300000, 0x00000000eab00000)
  object space 68608K, 23% used [0x00000000c0000000,0x00000000c0f9cdf8,0x00000000c4300000)
 Metaspace       used 32068K, capacity 33891K, committed 34048K, reserved 1079296K
  class space    used 3075K, capacity 3777K, committed 3840K, reserved 1048576K
}
Event: 12438.474 GC heap after
{Heap after GC invocations=11 (full 1):
 PSYoungGen      total 28160K, used 5156K [0x00000000eab00000, 0x00000000ece80000, 0x0000000100000000)
  eden space 22528K, 0% used [0x00000000eab00000,0x00000000eab00000,0x00000000ec100000)
  from space 5632K, 91% used [0x00000000ec900000,0x00000000ece093d0,0x00000000ece80000)
  to   space 5632K, 0% used [0x00000000ec380000,0x00000000ec380000,0x00000000ec900000)
 ParOldGen       total 68608K, used 19658K [0x00000000c0000000, 0x00000000c4300000, 0x00000000eab00000)
  object space 68608K, 28% used [0x00000000c0000000,0x00000000c13328a8,0x00000000c4300000)
 Metaspace       used 32068K, capacity 33891K, committed 34048K, reserved 1079296K
  class space    used 3075K, capacity 3777K, committed 3840K, reserved 1048576K
}
Event: 12439.770 GC heap before
{Heap before GC invocations=12 (full 1):
 PSYoungGen      total 28160K, used 17364K [0x00000000eab00000, 0x00000000ece80000, 0x0000000100000000)
  eden space 22528K, 54% used [0x00000000eab00000,0x00000000eb6ebda8,0x00000000ec100000)
  from space 5632K, 91% used [0x00000000ec900000,0x00000000ece093d0,0x00000000ece80000)
  to   space 5632K, 0% used [0x00000000ec380000,0x00000000ec380000,0x00000000ec900000)
 ParOldGen       total 68608K, used 19658K [0x00000000c0000000, 0x00000000c4300000, 0x00000000eab00000)
  object space 68608K, 28% used [0x00000000c0000000,0x00000000c13328a8,0x00000000c4300000)
 Metaspace       used 33398K, capacity 35235K, committed 35416K, reserved 1081344K
  class space    used 3157K, capacity 3841K, committed 3968K, reserved 1048576K
}
Event: 12439.775 GC heap after
{Heap after GC invocations=12 (full 1):
 PSYoungGen      total 24064K, used 1157K [0x00000000eab00000, 0x00000000ec980000, 0x0000000100000000)
  eden space 22528K, 0% used [0x00000000eab00000,0x00000000eab00000,0x00000000ec100000)
  from space 1536K, 75% used [0x00000000ec380000,0x00000000ec4a1450,0x00000000ec500000)
  to   space 3072K, 0% used [0x00000000ec680000,0x00000000ec680000,0x00000000ec980000)
 ParOldGen       total 68608K, used 24616K [0x00000000c0000000, 0x00000000c4300000, 0x00000000eab00000)
  object space 68608K, 35% used [0x00000000c0000000,0x00000000c180a158,0x00000000c4300000)
 Metaspace       used 33398K, capacity 35235K, committed 35416K, reserved 1081344K
  class space    used 3157K, capacity 3841K, committed 3968K, reserved 1048576K
}
Event: 12439.775 GC heap before
{Heap before GC invocations=13 (full 2):
 PSYoungGen      total 24064K, used 1157K [0x00000000eab00000, 0x00000000ec980000, 0x0000000100000000)
  eden space 22528K, 0% used [0x00000000eab00000,0x00000000eab00000,0x00000000ec100000)
  from space 1536K, 75% used [0x00000000ec380000,0x00000000ec4a1450,0x00000000ec500000)
  to   space 3072K, 0% used [0x00000000ec680000,0x00000000ec680000,0x00000000ec980000)
 ParOldGen       total 68608K, used 24616K [0x00000000c0000000, 0x00000000c4300000, 0x00000000eab00000)
  object space 68608K, 35% used [0x00000000c0000000,0x00000000c180a158,0x00000000c4300000)
 Metaspace       used 33398K, capacity 35235K, committed 35416K, reserved 1081344K
  class space    used 3157K, capacity 3841K, committed 3968K, reserved 1048576K
}
Event: 12441.416 GC heap after
{Heap after GC invocations=13 (full 2):
 PSYoungGen      total 24064K, used 0K [0x00000000eab00000, 0x00000000ec980000, 0x0000000100000000)
  eden space 22528K, 0% used [0x00000000eab00000,0x00000000eab00000,0x00000000ec100000)
  from space 1536K, 0% used [0x00000000ec380000,0x00000000ec380000,0x00000000ec500000)
  to   space 3072K, 0% used [0x00000000ec680000,0x00000000ec680000,0x00000000ec980000)
 ParOldGen       total 68608K, used 21053K [0x00000000c0000000, 0x00000000c4300000, 0x00000000eab00000)
  object space 68608K, 30% used [0x00000000c0000000,0x00000000c148f5a0,0x00000000c4300000)
 Metaspace       used 33236K, capacity 34985K, committed 35416K, reserved 1081344K
  class space    used 3114K, capacity 3759K, committed 3968K, reserved 1048576K
}

